/glade/u/apps/dav/opt/cuda/11.0.3//lib64:/glade/u/apps/dav/opt/cuda/11.0.3/extras/CUPTI/lib64:/glade/u/apps/dav/opt/cuda/11.0.3/lib64:/glade/u/apps/opt/nvhpc/20.11/Linux_x86_64/20.11/comm_libs/nvshmem/lib:/glade/u/apps/opt/nvhpc/20.11/Linux_x86_64/20.11/compilers/lib:/glade/u/apps/dav/opt/usr/lib64
Tue Apr 13 15:21:52 2021       
+-----------------------------------------------------------------------------+
| NVIDIA-SMI 450.51.06    Driver Version: 450.51.06    CUDA Version: 11.0     |
|-------------------------------+----------------------+----------------------+
| GPU  Name        Persistence-M| Bus-Id        Disp.A | Volatile Uncorr. ECC |
| Fan  Temp  Perf  Pwr:Usage/Cap|         Memory-Usage | GPU-Util  Compute M. |
|                               |                      |               MIG M. |
|===============================+======================+======================|
|   0  Tesla V100-SXM2...  On   | 00000000:8A:00.0 Off |                    0 |
| N/A   34C    P0    42W / 300W |      0MiB / 32510MiB |      0%      Default |
|                               |                      |                  N/A |
+-------------------------------+----------------------+----------------------+
                                                                               
+-----------------------------------------------------------------------------+
| Processes:                                                                  |
|  GPU   GI   CI        PID   Type   Process name                  GPU Memory |
|        ID   ID                                                   Usage      |
|=============================================================================|
|  No running processes found                                                 |
+-----------------------------------------------------------------------------+

Beginning code output:
-------------

Initialized Matrix h_A, 2048 X 2048 
Initialized Matrix h_B, 2048 X 2048 
Init took 0.008864 seconds. Begin compute.
CPU Matrix Multiplication took 27.045468 seconds.
Kernel launch dimensions: 
	Grid size  : {64, 64, 1} blocks.
	Block size : {32, 32, 1} threads.
GPU Matrix Multiplication took 0.208013 seconds.
Verification passed
/glade/u/apps/dav/opt/cuda/11.0.3//lib64:/glade/u/apps/dav/opt/cuda/11.0.3/extras/CUPTI/lib64:/glade/u/apps/dav/opt/cuda/11.0.3/lib64:/glade/u/apps/opt/nvhpc/20.11/Linux_x86_64/20.11/comm_libs/nvshmem/lib:/glade/u/apps/opt/nvhpc/20.11/Linux_x86_64/20.11/compilers/lib:/glade/u/apps/dav/opt/usr/lib64
Tue Apr 13 15:28:11 2021       
+-----------------------------------------------------------------------------+
| NVIDIA-SMI 450.51.06    Driver Version: 450.51.06    CUDA Version: 11.0     |
|-------------------------------+----------------------+----------------------+
| GPU  Name        Persistence-M| Bus-Id        Disp.A | Volatile Uncorr. ECC |
| Fan  Temp  Perf  Pwr:Usage/Cap|         Memory-Usage | GPU-Util  Compute M. |
|                               |                      |               MIG M. |
|===============================+======================+======================|
|   0  Tesla V100-SXM2...  On   | 00000000:62:00.0 Off |                    0 |
| N/A   33C    P0    41W / 300W |      0MiB / 32510MiB |      0%      Default |
|                               |                      |                  N/A |
+-------------------------------+----------------------+----------------------+
                                                                               
+-----------------------------------------------------------------------------+
| Processes:                                                                  |
|  GPU   GI   CI        PID   Type   Process name                  GPU Memory |
|        ID   ID                                                   Usage      |
|=============================================================================|
|  No running processes found                                                 |
+-----------------------------------------------------------------------------+

Beginning code output:
-------------

Initialized Matrix h_A, 2048 X 2048 
Initialized Matrix h_B, 2048 X 2048 
Init took 0.009113 seconds. Begin compute.
CPU Matrix Multiplication took 33.880642 seconds.
Kernel launch dimensions: 
	Grid size  : {32, 32, 1} blocks.
	Block size : {64, 64, 1} threads.
/glade/u/apps/dav/opt/cuda/11.0.3//lib64:/glade/u/apps/dav/opt/cuda/11.0.3/extras/CUPTI/lib64:/glade/u/apps/dav/opt/cuda/11.0.3/lib64:/glade/u/apps/opt/nvhpc/20.11/Linux_x86_64/20.11/comm_libs/nvshmem/lib:/glade/u/apps/opt/nvhpc/20.11/Linux_x86_64/20.11/compilers/lib:/glade/u/apps/dav/opt/usr/lib64
Tue Apr 13 15:28:55 2021       
+-----------------------------------------------------------------------------+
| NVIDIA-SMI 450.51.06    Driver Version: 450.51.06    CUDA Version: 11.0     |
|-------------------------------+----------------------+----------------------+
| GPU  Name        Persistence-M| Bus-Id        Disp.A | Volatile Uncorr. ECC |
| Fan  Temp  Perf  Pwr:Usage/Cap|         Memory-Usage | GPU-Util  Compute M. |
|                               |                      |               MIG M. |
|===============================+======================+======================|
|   0  Tesla V100-SXM2...  On   | 00000000:8A:00.0 Off |                    0 |
| N/A   34C    P0    42W / 300W |      0MiB / 32510MiB |      0%      Default |
|                               |                      |                  N/A |
+-------------------------------+----------------------+----------------------+
                                                                               
+-----------------------------------------------------------------------------+
| Processes:                                                                  |
|  GPU   GI   CI        PID   Type   Process name                  GPU Memory |
|        ID   ID                                                   Usage      |
|=============================================================================|
|  No running processes found                                                 |
+-----------------------------------------------------------------------------+

Beginning code output:
-------------

Initialized Matrix h_A, 2048 X 2048 
Initialized Matrix h_B, 2048 X 2048 
Init took 0.009268 seconds. Begin compute.
CPU Matrix Multiplication took 26.480186 seconds.
Kernel launch dimensions: 
	Grid size  : {32, 32, 1} blocks.
	Block size : {64, 64, 1} threads.
/glade/u/apps/dav/opt/cuda/11.0.3//lib64:/glade/u/apps/dav/opt/cuda/11.0.3/extras/CUPTI/lib64:/glade/u/apps/dav/opt/cuda/11.0.3/lib64:/glade/u/apps/opt/nvhpc/20.11/Linux_x86_64/20.11/comm_libs/nvshmem/lib:/glade/u/apps/opt/nvhpc/20.11/Linux_x86_64/20.11/compilers/lib:/glade/u/apps/dav/opt/usr/lib64
Tue Apr 13 15:30:45 2021       
+-----------------------------------------------------------------------------+
| NVIDIA-SMI 450.51.06    Driver Version: 450.51.06    CUDA Version: 11.0     |
|-------------------------------+----------------------+----------------------+
| GPU  Name        Persistence-M| Bus-Id        Disp.A | Volatile Uncorr. ECC |
| Fan  Temp  Perf  Pwr:Usage/Cap|         Memory-Usage | GPU-Util  Compute M. |
|                               |                      |               MIG M. |
|===============================+======================+======================|
|   0  Tesla V100-SXM2...  On   | 00000000:3D:00.0 Off |                    0 |
| N/A   32C    P0    43W / 300W |      0MiB / 32510MiB |      0%      Default |
|                               |                      |                  N/A |
+-------------------------------+----------------------+----------------------+
                                                                               
+-----------------------------------------------------------------------------+
| Processes:                                                                  |
|  GPU   GI   CI        PID   Type   Process name                  GPU Memory |
|        ID   ID                                                   Usage      |
|=============================================================================|
|  No running processes found                                                 |
+-----------------------------------------------------------------------------+

Beginning code output:
-------------

Initialized Matrix h_A, 2048 X 2048 
Initialized Matrix h_B, 2048 X 2048 
Init took 0.009264 seconds. Begin compute.
CPU Matrix Multiplication took 27.514160 seconds.
Kernel launch dimensions: 
	Grid size  : {32, 32, 1} blocks.
	Block size : {64, 64, 1} threads.
