/glade/u/apps/dav/opt/cuda/11.0.3//lib64:/glade/u/apps/dav/opt/cuda/11.0.3/extras/CUPTI/lib64:/glade/u/apps/dav/opt/cuda/11.0.3/lib64:/glade/u/apps/opt/nvhpc/20.11/Linux_x86_64/20.11/comm_libs/nvshmem/lib:/glade/u/apps/opt/nvhpc/20.11/Linux_x86_64/20.11/compilers/lib:/glade/u/apps/dav/opt/usr/lib64
Tue Apr 13 15:21:15 2021       
+-----------------------------------------------------------------------------+
| NVIDIA-SMI 450.51.06    Driver Version: 450.51.06    CUDA Version: 11.0     |
|-------------------------------+----------------------+----------------------+
| GPU  Name        Persistence-M| Bus-Id        Disp.A | Volatile Uncorr. ECC |
| Fan  Temp  Perf  Pwr:Usage/Cap|         Memory-Usage | GPU-Util  Compute M. |
|                               |                      |               MIG M. |
|===============================+======================+======================|
|   0  Tesla V100-SXM2...  On   | 00000000:89:00.0 Off |                    0 |
| N/A   32C    P0    42W / 300W |      0MiB / 32510MiB |      0%      Default |
|                               |                      |                  N/A |
+-------------------------------+----------------------+----------------------+
                                                                               
+-----------------------------------------------------------------------------+
| Processes:                                                                  |
|  GPU   GI   CI        PID   Type   Process name                  GPU Memory |
|        ID   ID                                                   Usage      |
|=============================================================================|
|  No running processes found                                                 |
+-----------------------------------------------------------------------------+

Beginning code output:
-------------

Initialized Matrix h_A, 2048 X 2048 
Initialized Matrix h_B, 2048 X 2048 
Init took 0.009455 seconds. Begin compute.
CPU matrix multiplication took 27.438125 seconds
GPU matrix multiplication took 0.459075 seconds
Verification passed
/glade/u/apps/dav/opt/cuda/11.0.3//lib64:/glade/u/apps/dav/opt/cuda/11.0.3/extras/CUPTI/lib64:/glade/u/apps/dav/opt/cuda/11.0.3/lib64:/glade/u/apps/opt/nvhpc/20.11/Linux_x86_64/20.11/comm_libs/nvshmem/lib:/glade/u/apps/opt/nvhpc/20.11/Linux_x86_64/20.11/compilers/lib:/glade/u/apps/dav/opt/usr/lib64
Tue Apr 13 15:31:00 2021       
+-----------------------------------------------------------------------------+
| NVIDIA-SMI 450.51.06    Driver Version: 450.51.06    CUDA Version: 11.0     |
|-------------------------------+----------------------+----------------------+
| GPU  Name        Persistence-M| Bus-Id        Disp.A | Volatile Uncorr. ECC |
| Fan  Temp  Perf  Pwr:Usage/Cap|         Memory-Usage | GPU-Util  Compute M. |
|                               |                      |               MIG M. |
|===============================+======================+======================|
|   0  Tesla V100-SXM2...  On   | 00000000:61:00.0 Off |                    0 |
| N/A   33C    P0    43W / 300W |      0MiB / 32510MiB |      0%      Default |
|                               |                      |                  N/A |
+-------------------------------+----------------------+----------------------+
                                                                               
+-----------------------------------------------------------------------------+
| Processes:                                                                  |
|  GPU   GI   CI        PID   Type   Process name                  GPU Memory |
|        ID   ID                                                   Usage      |
|=============================================================================|
|  No running processes found                                                 |
+-----------------------------------------------------------------------------+

Beginning code output:
-------------

Initialized Matrix h_A, 2048 X 2048 
Initialized Matrix h_B, 2048 X 2048 
Init took 0.009085 seconds. Begin compute.
CPU matrix multiplication took 26.678053 seconds
